Jul-27 16:47:20.257 - Logger created at ./logs/cifar10/adapt-single-ds_gaussian_noise_sgd_0.1_BUFR_fc_0.01_123.log
Jul-27 16:47:20.257 - ResNet(
  (conv1): Conv2d(3, 64, kernel_size=(3, 3), stride=(1, 1), padding=(1, 1), bias=False)
  (bn1): BatchNorm2d(64, eps=1e-05, momentum=0.1, affine=True, track_running_stats=True)
  (layer1): Sequential(
    (0): BasicBlock(
      (conv1): Conv2d(64, 64, kernel_size=(3, 3), stride=(1, 1), padding=(1, 1), bias=False)
      (bn1): BatchNorm2d(64, eps=1e-05, momentum=0.1, affine=True, track_running_stats=True)
      (conv2): Conv2d(64, 64, kernel_size=(3, 3), stride=(1, 1), padding=(1, 1), bias=False)
      (bn2): BatchNorm2d(64, eps=1e-05, momentum=0.1, affine=True, track_running_stats=True)
      (shortcut): Sequential()
    )
    (1): BasicBlock(
      (conv1): Conv2d(64, 64, kernel_size=(3, 3), stride=(1, 1), padding=(1, 1), bias=False)
      (bn1): BatchNorm2d(64, eps=1e-05, momentum=0.1, affine=True, track_running_stats=True)
      (conv2): Conv2d(64, 64, kernel_size=(3, 3), stride=(1, 1), padding=(1, 1), bias=False)
      (bn2): BatchNorm2d(64, eps=1e-05, momentum=0.1, affine=True, track_running_stats=True)
      (shortcut): Sequential()
    )
  )
  (layer2): Sequential(
    (0): BasicBlock(
      (conv1): Conv2d(64, 128, kernel_size=(3, 3), stride=(2, 2), padding=(1, 1), bias=False)
      (bn1): BatchNorm2d(128, eps=1e-05, momentum=0.1, affine=True, track_running_stats=True)
      (conv2): Conv2d(128, 128, kernel_size=(3, 3), stride=(1, 1), padding=(1, 1), bias=False)
      (bn2): BatchNorm2d(128, eps=1e-05, momentum=0.1, affine=True, track_running_stats=True)
      (shortcut): Sequential(
        (0): Conv2d(64, 128, kernel_size=(1, 1), stride=(2, 2), bias=False)
        (1): BatchNorm2d(128, eps=1e-05, momentum=0.1, affine=True, track_running_stats=True)
      )
    )
    (1): BasicBlock(
      (conv1): Conv2d(128, 128, kernel_size=(3, 3), stride=(1, 1), padding=(1, 1), bias=False)
      (bn1): BatchNorm2d(128, eps=1e-05, momentum=0.1, affine=True, track_running_stats=True)
      (conv2): Conv2d(128, 128, kernel_size=(3, 3), stride=(1, 1), padding=(1, 1), bias=False)
      (bn2): BatchNorm2d(128, eps=1e-05, momentum=0.1, affine=True, track_running_stats=True)
      (shortcut): Sequential()
    )
  )
  (layer3): Sequential(
    (0): BasicBlock(
      (conv1): Conv2d(128, 256, kernel_size=(3, 3), stride=(2, 2), padding=(1, 1), bias=False)
      (bn1): BatchNorm2d(256, eps=1e-05, momentum=0.1, affine=True, track_running_stats=True)
      (conv2): Conv2d(256, 256, kernel_size=(3, 3), stride=(1, 1), padding=(1, 1), bias=False)
      (bn2): BatchNorm2d(256, eps=1e-05, momentum=0.1, affine=True, track_running_stats=True)
      (shortcut): Sequential(
        (0): Conv2d(128, 256, kernel_size=(1, 1), stride=(2, 2), bias=False)
        (1): BatchNorm2d(256, eps=1e-05, momentum=0.1, affine=True, track_running_stats=True)
      )
    )
    (1): BasicBlock(
      (conv1): Conv2d(256, 256, kernel_size=(3, 3), stride=(1, 1), padding=(1, 1), bias=False)
      (bn1): BatchNorm2d(256, eps=1e-05, momentum=0.1, affine=True, track_running_stats=True)
      (conv2): Conv2d(256, 256, kernel_size=(3, 3), stride=(1, 1), padding=(1, 1), bias=False)
      (bn2): BatchNorm2d(256, eps=1e-05, momentum=0.1, affine=True, track_running_stats=True)
      (shortcut): Sequential()
    )
  )
  (layer4): Sequential(
    (0): BasicBlock(
      (conv1): Conv2d(256, 512, kernel_size=(3, 3), stride=(2, 2), padding=(1, 1), bias=False)
      (bn1): BatchNorm2d(512, eps=1e-05, momentum=0.1, affine=True, track_running_stats=True)
      (conv2): Conv2d(512, 512, kernel_size=(3, 3), stride=(1, 1), padding=(1, 1), bias=False)
      (bn2): BatchNorm2d(512, eps=1e-05, momentum=0.1, affine=True, track_running_stats=True)
      (shortcut): Sequential(
        (0): Conv2d(256, 512, kernel_size=(1, 1), stride=(2, 2), bias=False)
        (1): BatchNorm2d(512, eps=1e-05, momentum=0.1, affine=True, track_running_stats=True)
      )
    )
    (1): BasicBlock(
      (conv1): Conv2d(512, 512, kernel_size=(3, 3), stride=(1, 1), padding=(1, 1), bias=False)
      (bn1): BatchNorm2d(512, eps=1e-05, momentum=0.1, affine=True, track_running_stats=True)
      (conv2): Conv2d(512, 512, kernel_size=(3, 3), stride=(1, 1), padding=(1, 1), bias=False)
      (bn2): BatchNorm2d(512, eps=1e-05, momentum=0.1, affine=True, track_running_stats=True)
      (shortcut): Sequential()
    )
  )
  (linear): Sequential(
    (0): SoftBinStats1D(512, tau=0.01, ss=PSI)
    (1): Linear(in_features=512, out_features=10, bias=True)
    (2): SoftBinStats1D(10, tau=0.01, ss=PSI)
  )
)
Jul-27 16:47:20.260 - Experiment settings:
=========  ==============
Name       Value
=========  ==============
Algorithm  BUFR
FR type    fc
LR         0.1
Opt.       sgd
Shift      gaussian_noise
seed       123
tau        0.01
=========  ==============

Jul-27 16:47:20.265 - Beginning training...
Jul-27 16:47:20.265 - Block 0
Jul-27 16:47:20.266 - Block LR 0.1
Jul-27 16:48:18.320 - Epoch 10. Avg tr loss 0.2757. Avg tr acc 81.410.
Jul-27 16:48:18.320 - Scores:
Jul-27 16:48:18.322 - C. Avg. Surprise ['0.11', '0.16']
Jul-27 16:48:18.322 - C. Max. Surprise ['0.25', '0.23']
Jul-27 16:48:18.322 - C. Median. Surprise ['0.11', '0.16']
Jul-27 16:48:20.064 - Validation loss 0.8202
Jul-27 16:48:20.064 - Validation accuracy 80.830
Jul-27 16:48:20.083 - Max dist. moved:
['1.162', '0.988', '0.000', '0.000', '0.000', '0.000', '0.000', '0.000', '0.000', '0.000', '0.000', '0.000', '0.000', '0.000', '0.000', '0.000', '0.000', '0.000', '0.000', '0.000', '0.000', '0.000', '0.000', '0.000', '0.000', '0.000', '0.000', '0.000', '0.000', '0.000', '0.000', '0.000', '0.000', '0.000', '0.000', '0.000', '0.000', '0.000', '0.000', '0.000', '0.000']
Jul-27 16:49:18.246 - Epoch 20. Avg tr loss 0.2665. Avg tr acc 81.900.
Jul-27 16:49:18.246 - Scores:
Jul-27 16:49:18.247 - C. Avg. Surprise ['0.1', '0.16']
Jul-27 16:49:18.248 - C. Max. Surprise ['0.25', '0.27']
Jul-27 16:49:18.248 - C. Median. Surprise ['0.1', '0.13']
Jul-27 16:49:19.979 - Validation loss 0.8001
Jul-27 16:49:19.979 - Validation accuracy 80.790
Jul-27 16:49:19.995 - Max dist. moved:
['1.546', '0.982', '0.000', '0.000', '0.000', '0.000', '0.000', '0.000', '0.000', '0.000', '0.000', '0.000', '0.000', '0.000', '0.000', '0.000', '0.000', '0.000', '0.000', '0.000', '0.000', '0.000', '0.000', '0.000', '0.000', '0.000', '0.000', '0.000', '0.000', '0.000', '0.000', '0.000', '0.000', '0.000', '0.000', '0.000', '0.000', '0.000', '0.000', '0.000', '0.000']
Jul-27 16:50:18.191 - Epoch 30. Avg tr loss 0.2623. Avg tr acc 81.810.
Jul-27 16:50:18.192 - Scores:
Jul-27 16:50:18.193 - C. Avg. Surprise ['0.1', '0.15']
Jul-27 16:50:18.193 - C. Max. Surprise ['0.29', '0.24']
Jul-27 16:50:18.194 - C. Median. Surprise ['0.097', '0.13']
Jul-27 16:50:19.944 - Validation loss 0.8290
Jul-27 16:50:19.944 - Validation accuracy 80.720
Jul-27 16:50:19.962 - Max dist. moved:
['1.798', '1.022', '0.000', '0.000', '0.000', '0.000', '0.000', '0.000', '0.000', '0.000', '0.000', '0.000', '0.000', '0.000', '0.000', '0.000', '0.000', '0.000', '0.000', '0.000', '0.000', '0.000', '0.000', '0.000', '0.000', '0.000', '0.000', '0.000', '0.000', '0.000', '0.000', '0.000', '0.000', '0.000', '0.000', '0.000', '0.000', '0.000', '0.000', '0.000', '0.000']
Jul-27 16:50:19.963 - Block 1
Jul-27 16:50:19.963 - Block LR 0.02
Jul-27 16:51:18.158 - Epoch 10. Avg tr loss 0.1414. Avg tr acc 85.510.
Jul-27 16:51:18.158 - Scores:
Jul-27 16:51:18.158 - C. Avg. Surprise ['0.058', '0.087']
Jul-27 16:51:18.159 - C. Max. Surprise ['0.16', '0.13']
Jul-27 16:51:18.159 - C. Median. Surprise ['0.054', '0.069']
Jul-27 16:51:19.905 - Validation loss 0.7769
Jul-27 16:51:19.905 - Validation accuracy 85.500
Jul-27 16:51:19.924 - Max dist. moved:
['1.797', '0.989', '0.347', '0.131', '0.381', '0.191', '0.312', '0.132', '0.295', '0.152', '0.000', '0.000', '0.000', '0.000', '0.000', '0.000', '0.000', '0.000', '0.000', '0.000', '0.000', '0.000', '0.000', '0.000', '0.000', '0.000', '0.000', '0.000', '0.000', '0.000', '0.000', '0.000', '0.000', '0.000', '0.000', '0.000', '0.000', '0.000', '0.000', '0.000', '0.000']
Jul-27 16:52:18.359 - Epoch 20. Avg tr loss 0.0954. Avg tr acc 85.410.
Jul-27 16:52:18.360 - Scores:
Jul-27 16:52:18.361 - C. Avg. Surprise ['0.041', '0.059']
Jul-27 16:52:18.361 - C. Max. Surprise ['0.14', '0.17']
Jul-27 16:52:18.361 - C. Median. Surprise ['0.036', '0.038']
Jul-27 16:52:20.112 - Validation loss 0.9337
Jul-27 16:52:20.112 - Validation accuracy 85.680
Jul-27 16:52:20.129 - Max dist. moved:
['1.800', '0.965', '0.435', '0.147', '0.456', '0.202', '0.400', '0.179', '0.423', '0.210', '0.000', '0.000', '0.000', '0.000', '0.000', '0.000', '0.000', '0.000', '0.000', '0.000', '0.000', '0.000', '0.000', '0.000', '0.000', '0.000', '0.000', '0.000', '0.000', '0.000', '0.000', '0.000', '0.000', '0.000', '0.000', '0.000', '0.000', '0.000', '0.000', '0.000', '0.000']
Jul-27 16:53:18.488 - Epoch 30. Avg tr loss 0.0679. Avg tr acc 85.580.
Jul-27 16:53:18.488 - Scores:
Jul-27 16:53:18.490 - C. Avg. Surprise ['0.04', '0.05']
Jul-27 16:53:18.490 - C. Max. Surprise ['0.22', '0.15']
Jul-27 16:53:18.490 - C. Median. Surprise ['0.031', '0.031']
Jul-27 16:53:20.252 - Validation loss 1.0543
Jul-27 16:53:20.253 - Validation accuracy 85.600
Jul-27 16:53:20.267 - Max dist. moved:
['1.804', '0.952', '0.494', '0.140', '0.492', '0.235', '0.447', '0.203', '0.493', '0.249', '0.000', '0.000', '0.000', '0.000', '0.000', '0.000', '0.000', '0.000', '0.000', '0.000', '0.000', '0.000', '0.000', '0.000', '0.000', '0.000', '0.000', '0.000', '0.000', '0.000', '0.000', '0.000', '0.000', '0.000', '0.000', '0.000', '0.000', '0.000', '0.000', '0.000', '0.000']
Jul-27 16:53:20.267 - Block 2
Jul-27 16:53:20.267 - Block LR 0.004
Jul-27 16:54:18.741 - Epoch 10. Avg tr loss 0.0498. Avg tr acc 85.600.
Jul-27 16:54:18.741 - Scores:
Jul-27 16:54:18.743 - C. Avg. Surprise ['0.018', '0.017']
Jul-27 16:54:18.743 - C. Max. Surprise ['0.073', '0.04']
Jul-27 16:54:18.743 - C. Median. Surprise ['0.015', '0.01']
Jul-27 16:54:20.471 - Validation loss 1.1460
Jul-27 16:54:20.471 - Validation accuracy 85.640
Jul-27 16:54:20.484 - Max dist. moved:
['1.805', '0.950', '0.495', '0.141', '0.493', '0.238', '0.448', '0.210', '0.495', '0.256', '0.028', '0.010', '0.027', '0.013', '0.019', '0.011', '0.033', '0.013', '0.027', '0.015', '0.000', '0.000', '0.000', '0.000', '0.000', '0.000', '0.000', '0.000', '0.000', '0.000', '0.000', '0.000', '0.000', '0.000', '0.000', '0.000', '0.000', '0.000', '0.000', '0.000', '0.000']
Jul-27 16:55:18.840 - Epoch 20. Avg tr loss 0.0522. Avg tr acc 85.500.
Jul-27 16:55:18.840 - Scores:
Jul-27 16:55:18.841 - C. Avg. Surprise ['0.029', '0.033']
Jul-27 16:55:18.841 - C. Max. Surprise ['0.15', '0.16']
Jul-27 16:55:18.841 - C. Median. Surprise ['0.018', '0.0088']
Jul-27 16:55:20.572 - Validation loss 1.1745
Jul-27 16:55:20.573 - Validation accuracy 85.480
Jul-27 16:55:20.591 - Max dist. moved:
['1.805', '0.950', '0.496', '0.141', '0.493', '0.239', '0.449', '0.209', '0.497', '0.261', '0.040', '0.015', '0.039', '0.017', '0.024', '0.015', '0.045', '0.022', '0.038', '0.015', '0.000', '0.000', '0.000', '0.000', '0.000', '0.000', '0.000', '0.000', '0.000', '0.000', '0.000', '0.000', '0.000', '0.000', '0.000', '0.000', '0.000', '0.000', '0.000', '0.000', '0.000']
Jul-27 16:56:18.966 - Epoch 30. Avg tr loss 0.0506. Avg tr acc 85.470.
Jul-27 16:56:18.967 - Scores:
Jul-27 16:56:18.968 - C. Avg. Surprise ['0.022', '0.028']
Jul-27 16:56:18.968 - C. Max. Surprise ['0.14', '0.11']
Jul-27 16:56:18.968 - C. Median. Surprise ['0.017', '0.017']
Jul-27 16:56:20.713 - Validation loss 1.1766
Jul-27 16:56:20.713 - Validation accuracy 85.520
Jul-27 16:56:20.729 - Max dist. moved:
['1.805', '0.949', '0.498', '0.141', '0.494', '0.237', '0.449', '0.212', '0.498', '0.263', '0.050', '0.019', '0.047', '0.019', '0.029', '0.017', '0.054', '0.020', '0.044', '0.019', '0.000', '0.000', '0.000', '0.000', '0.000', '0.000', '0.000', '0.000', '0.000', '0.000', '0.000', '0.000', '0.000', '0.000', '0.000', '0.000', '0.000', '0.000', '0.000', '0.000', '0.000']
Jul-27 16:56:20.729 - Block 3
Jul-27 16:56:20.730 - Block LR 0.0008
Jul-27 16:57:19.317 - Epoch 10. Avg tr loss 0.0515. Avg tr acc 85.520.
Jul-27 16:57:19.317 - Scores:
Jul-27 16:57:19.318 - C. Avg. Surprise ['0.021', '0.02']
Jul-27 16:57:19.318 - C. Max. Surprise ['0.096', '0.09']
Jul-27 16:57:19.318 - C. Median. Surprise ['0.017', '0.0082']
Jul-27 16:57:21.047 - Validation loss 1.1903
Jul-27 16:57:21.047 - Validation accuracy 85.520
Jul-27 16:57:21.057 - Max dist. moved:
['1.805', '0.949', '0.498', '0.141', '0.494', '0.236', '0.449', '0.211', '0.499', '0.263', '0.051', '0.018', '0.048', '0.018', '0.029', '0.018', '0.054', '0.021', '0.044', '0.019', '0.004', '0.003', '0.004', '0.003', '0.004', '0.003', '0.004', '0.002', '0.005', '0.002', '0.000', '0.000', '0.000', '0.000', '0.000', '0.000', '0.000', '0.000', '0.000', '0.000', '0.000']
Jul-27 16:58:19.537 - Epoch 20. Avg tr loss 0.0482. Avg tr acc 85.490.
Jul-27 16:58:19.537 - Scores:
Jul-27 16:58:19.538 - C. Avg. Surprise ['0.038', '0.045']
Jul-27 16:58:19.538 - C. Max. Surprise ['0.23', '0.13']
Jul-27 16:58:19.538 - C. Median. Surprise ['0.025', '0.012']
Jul-27 16:58:21.311 - Validation loss 1.1978
Jul-27 16:58:21.312 - Validation accuracy 85.510
Jul-27 16:58:21.330 - Max dist. moved:
['1.805', '0.949', '0.498', '0.141', '0.494', '0.236', '0.449', '0.211', '0.498', '0.263', '0.051', '0.019', '0.048', '0.018', '0.029', '0.017', '0.055', '0.021', '0.045', '0.019', '0.005', '0.003', '0.007', '0.003', '0.005', '0.003', '0.006', '0.004', '0.007', '0.003', '0.000', '0.000', '0.000', '0.000', '0.000', '0.000', '0.000', '0.000', '0.000', '0.000', '0.000']
Jul-27 16:59:19.894 - Epoch 30. Avg tr loss 0.0433. Avg tr acc 85.550.
Jul-27 16:59:19.895 - Scores:
Jul-27 16:59:19.896 - C. Avg. Surprise ['0.025', '0.017']
Jul-27 16:59:19.897 - C. Max. Surprise ['0.13', '0.051']
Jul-27 16:59:19.897 - C. Median. Surprise ['0.019', '0.0093']
Jul-27 16:59:21.643 - Validation loss 1.1959
Jul-27 16:59:21.643 - Validation accuracy 85.590
Jul-27 16:59:21.661 - Max dist. moved:
['1.805', '0.949', '0.498', '0.141', '0.494', '0.235', '0.449', '0.211', '0.499', '0.264', '0.051', '0.019', '0.048', '0.020', '0.030', '0.018', '0.055', '0.021', '0.045', '0.019', '0.006', '0.003', '0.008', '0.004', '0.006', '0.004', '0.007', '0.005', '0.009', '0.004', '0.000', '0.000', '0.000', '0.000', '0.000', '0.000', '0.000', '0.000', '0.000', '0.000', '0.000']
Jul-27 16:59:21.661 - Block 4
Jul-27 16:59:21.662 - Block LR 0.00016
Jul-27 17:00:20.604 - Epoch 10. Avg tr loss 0.0436. Avg tr acc 85.540.
Jul-27 17:00:20.605 - Scores:
Jul-27 17:00:20.605 - C. Avg. Surprise ['0.024', '0.021']
Jul-27 17:00:20.605 - C. Max. Surprise ['0.14', '0.058']
Jul-27 17:00:20.605 - C. Median. Surprise ['0.017', '0.013']
Jul-27 17:00:22.348 - Validation loss 1.2019
Jul-27 17:00:22.349 - Validation accuracy 85.530
Jul-27 17:00:22.365 - Max dist. moved:
['1.804', '0.949', '0.498', '0.141', '0.494', '0.235', '0.449', '0.211', '0.499', '0.264', '0.052', '0.019', '0.049', '0.020', '0.030', '0.018', '0.055', '0.022', '0.045', '0.019', '0.006', '0.003', '0.008', '0.004', '0.006', '0.004', '0.007', '0.005', '0.010', '0.004', '0.001', '0.000', '0.002', '0.001', '0.001', '0.001', '0.002', '0.001', '0.002', '0.002', '0.000']
Jul-27 17:01:21.296 - Epoch 20. Avg tr loss 0.0448. Avg tr acc 85.510.
Jul-27 17:01:21.296 - Scores:
Jul-27 17:01:21.297 - C. Avg. Surprise ['0.021', '0.02']
Jul-27 17:01:21.297 - C. Max. Surprise ['0.13', '0.052']
Jul-27 17:01:21.297 - C. Median. Surprise ['0.015', '0.011']
Jul-27 17:01:23.068 - Validation loss 1.2012
Jul-27 17:01:23.068 - Validation accuracy 85.510
Jul-27 17:01:23.077 - Max dist. moved:
['1.804', '0.949', '0.498', '0.141', '0.494', '0.236', '0.449', '0.211', '0.499', '0.263', '0.052', '0.019', '0.049', '0.019', '0.030', '0.018', '0.055', '0.022', '0.045', '0.019', '0.006', '0.003', '0.008', '0.004', '0.006', '0.004', '0.007', '0.005', '0.010', '0.004', '0.001', '0.001', '0.003', '0.002', '0.001', '0.001', '0.003', '0.002', '0.004', '0.003', '0.000']
Jul-27 17:02:22.077 - Epoch 30. Avg tr loss 0.0424. Avg tr acc 85.480.
Jul-27 17:02:22.077 - Scores:
Jul-27 17:02:22.078 - C. Avg. Surprise ['0.015', '0.013']
Jul-27 17:02:22.079 - C. Max. Surprise ['0.12', '0.036']
Jul-27 17:02:22.079 - C. Median. Surprise ['0.012', '0.0075']
Jul-27 17:02:23.835 - Validation loss 1.2067
Jul-27 17:02:23.835 - Validation accuracy 85.510
Jul-27 17:02:23.851 - Max dist. moved:
['1.804', '0.949', '0.498', '0.141', '0.494', '0.236', '0.449', '0.211', '0.499', '0.264', '0.052', '0.019', '0.049', '0.019', '0.030', '0.018', '0.055', '0.022', '0.045', '0.019', '0.006', '0.003', '0.008', '0.004', '0.006', '0.004', '0.008', '0.005', '0.010', '0.004', '0.001', '0.001', '0.003', '0.002', '0.001', '0.002', '0.004', '0.002', '0.005', '0.004', '0.000']
Jul-27 17:02:23.852 - Finished Training.
Jul-27 17:02:23.852 - ###Timing###
Jul-27 17:02:23.852 - [6.016773223876953, 5.75955057144165, 5.733364582061768, 5.754468679428101, 5.800981283187866, 5.793800354003906, 5.778670310974121, 5.802571773529053, 5.798207759857178, 5.815172910690308, 5.752739191055298, 5.841113805770874, 5.80938196182251, 5.818965911865234, 5.809254169464111, 5.792227268218994, 5.833017349243164, 5.8492271900177, 5.794893980026245, 5.860059022903442, 5.815950632095337, 5.7983787059783936, 5.812489986419678, 5.83355450630188, 5.799052476882935, 5.81638503074646, 5.8178300857543945, 5.825418710708618, 5.825657367706299, 5.850019216537476, 5.814012050628662, 5.82187032699585, 5.813791275024414, 5.8181517124176025, 5.818285942077637, 5.854168891906738, 5.831409215927124, 5.787172794342041, 5.827275991439819, 5.8082029819488525, 5.856656312942505, 5.815807104110718, 5.866821050643921, 5.831172466278076, 5.843860149383545, 5.833128213882446, 5.8189544677734375, 5.854882478713989, 5.858033895492554, 5.854650259017944, 5.882659912109375, 5.835607051849365, 5.830341815948486, 5.810058116912842, 5.837498188018799, 5.825468301773071, 5.828120946884155, 5.836452960968018, 5.837263584136963, 5.834505796432495, 5.830705165863037, 5.871093511581421, 5.85099983215332, 5.8568031787872314, 5.85755467414856, 5.831389665603638, 5.819739580154419, 5.823425054550171, 5.868767738342285, 5.862675905227661, 5.845350503921509, 5.778214454650879, 5.836813688278198, 5.854431629180908, 5.863071918487549, 5.845338821411133, 5.8277013301849365, 5.813863039016724, 5.850076198577881, 5.840336084365845, 5.853405475616455, 5.862488269805908, 5.819822311401367, 5.80181097984314, 5.837341785430908, 5.862518310546875, 5.868578195571899, 5.804474830627441, 5.82451319694519, 5.839571237564087, 5.835969924926758, 5.8679304122924805, 5.876794338226318, 5.8686370849609375, 5.861616849899292, 5.808486223220825, 5.892056465148926, 5.852651357650757, 5.861165761947632, 5.8616743087768555, 5.840841054916382, 5.858291387557983, 5.844146490097046, 5.858382701873779, 5.826797008514404, 5.847914457321167, 5.8438029289245605, 5.884657621383667, 5.841379404067993, 5.832142114639282, 5.878040075302124, 5.850970983505249, 5.867068290710449, 5.88021993637085, 5.889012098312378, 5.864607095718384, 5.807821273803711, 5.830343008041382, 5.853086948394775, 5.842442512512207, 5.884838104248047, 5.909645080566406, 5.878992319107056, 5.914464473724365, 5.898739337921143, 5.8879475593566895, 5.904242753982544, 5.885100841522217, 5.89729642868042, 5.880897760391235, 5.8849945068359375, 5.885615587234497, 5.893364906311035, 5.917941570281982, 5.887082099914551, 5.898543834686279, 5.899755001068115, 5.890151500701904, 5.910423994064331, 5.861934185028076, 5.891153812408447, 5.936805725097656, 5.907794713973999, 5.90020751953125, 5.917424440383911, 5.887385368347168, 5.888063430786133, 5.882505416870117, 5.901622533798218, 5.886183023452759]
Jul-27 17:02:23.852 - Avg time per epochh 5.84732271194458
Jul-27 17:02:23.852 - ############
Jul-27 17:02:25.881 - Saved model ckpt to ./ckpts/cifar10/adapted-learner-30_gaussian_noise_sgd_0.1_BUFR_fc_0.01_123.pth.tar
